<?xml version="1.0" encoding="UTF-8"?>
<testsuite name="hello.GreeterTest" tests="1" skipped="0" failures="0" errors="0" timestamp="2023-09-13T18:38:13" hostname="ip-172-31-61-4" time="0.004">
  <properties/>
  <testcase name="greeterSaysHello" classname="hello.GreeterTest" time="0.004"/>
  <system-out><![CDATA[]]></system-out>
  <system-err><![CDATA[]]></system-err>
</testsuite>
